[debug] [2018-03-04T14:17:05.644Z] ----------------------------------------------------------------------
[debug] [2018-03-04T14:17:05.649Z] Command:       C:\Program Files\nodejs\node.exe C:\Users\user\AppData\Roaming\npm\node_modules\firebase-tools\bin\firebase serve
[debug] [2018-03-04T14:17:05.649Z] CLI Version:   3.11.0
[debug] [2018-03-04T14:17:05.649Z] Platform:      win32
[debug] [2018-03-04T14:17:05.650Z] Node Version:  v8.4.0
[debug] [2018-03-04T14:17:05.650Z] Time:          Sun Mar 04 2018 19:47:05 GMT+0530 (India Standard Time)
[debug] [2018-03-04T14:17:05.650Z] ----------------------------------------------------------------------
[debug] 
[debug] [2018-03-04T14:17:05.721Z] > command requires scopes: ["email","openid","https://www.googleapis.com/auth/cloudplatformprojects.readonly","https://www.googleapis.com/auth/firebase","https://www.googleapis.com/auth/cloud-platform"]
[debug] [2018-03-04T14:17:05.721Z] > authorizing via signed-in user
[debug] [2018-03-04T14:17:05.725Z] > refreshing access token with scopes: ["email","https://www.googleapis.com/auth/cloud-platform","https://www.googleapis.com/auth/cloudplatformprojects.readonly","https://www.googleapis.com/auth/firebase","openid"]
[debug] [2018-03-04T14:17:05.726Z] >>> HTTP REQUEST POST https://www.googleapis.com/oauth2/v3/token { refresh_token: '1/Owe7fFitksdufVqkwze564EkHuBO0nrJeZ_YdV3ZoHc',
  client_id: '563584335869-fgrhgmd47bqnekij5i8b5pr03ho849e6.apps.googleusercontent.com',
  client_secret: 'j9iVZfS8kkCEFUPaAeJV0sAi',
  grant_type: 'refresh_token',
  scope: 'email https://www.googleapis.com/auth/cloud-platform https://www.googleapis.com/auth/cloudplatformprojects.readonly https://www.googleapis.com/auth/firebase openid' } 
 Sun Mar 04 2018 19:47:05 GMT+0530 (India Standard Time)
[debug] [2018-03-04T14:17:06.171Z] <<< HTTP RESPONSE 200
[debug] [2018-03-04T14:17:06.209Z] >>> HTTP REQUEST GET https://admin.firebase.com/v1/projects/scoroid-webo  
 Sun Mar 04 2018 19:47:06 GMT+0530 (India Standard Time)
[debug] [2018-03-04T14:17:08.144Z] <<< HTTP RESPONSE 200
[debug] [2018-03-04T14:17:08.146Z] >>> HTTP REQUEST GET https://admin.firebase.com/v1/database/scoroid-webo/tokens  
 Sun Mar 04 2018 19:47:08 GMT+0530 (India Standard Time)
[debug] [2018-03-04T14:17:09.400Z] <<< HTTP RESPONSE 200
[info] 
[info] === Serving from 'H:\FireBase'...
[info] 
[debug] [2018-03-04T14:17:09.406Z] >>> HTTP REQUEST GET https://cloudresourcemanager.googleapis.com/v1/projects/scoroid-webo  
 Sun Mar 04 2018 19:47:09 GMT+0530 (India Standard Time)
[debug] [2018-03-04T14:17:10.988Z] <<< HTTP RESPONSE 200
[debug] [2018-03-04T14:17:10.989Z] >>> HTTP REQUEST GET https://mobilesdk-pa.googleapis.com/v1/projects/410432243078/clients/_:getWebAppConfig  
 Sun Mar 04 2018 19:47:10 GMT+0530 (India Standard Time)
[debug] [2018-03-04T14:17:12.657Z] <<< HTTP RESPONSE 200
[info] i  hosting: Serving hosting files from: public
[info] +  hosting: Local server: http://localhost:5000

